<?xml version="1.0" encoding="UTF-8"?>
<robot generator="Rebot 7.0.1 (Python 3.10.9 on win32)" generated="2024-09-30T15:21:11.144890" rpa="false" schemaversion="5">
<suite id="s1" name="Testsuite" source="C:\Users\ADMIN\Desktop\Demo\Automation_demo\testsuite.robot">
<test id="s1-t1" name="TC_01_Open Browser and Maximize Window" line="8">
<kw name="Initialize open browser" owner="keywords">
<if>
<branch type="IF" condition="'${BROWSER}' == 'CHROME'">
<kw name="Open Browser" owner="SeleniumLibrary">
<arg>${URL}</arg>
<arg>${BROWSER}</arg>
<arg>options=add_experimental_option('prefs', {"intl.accept_languages":"${LOCALIZATION}"});</arg>
<doc>Opens a new browser instance to the optional ``url``.</doc>
<status status="NOT RUN" start="2024-09-30T15:20:05.918173" elapsed="0.000000"/>
</kw>
<kw name="Maximize Browser Window" owner="SeleniumLibrary">
<doc>Maximizes current browser window.</doc>
<status status="NOT RUN" start="2024-09-30T15:20:05.918173" elapsed="0.000000"/>
</kw>
<status status="NOT RUN" start="2024-09-30T15:20:05.918173" elapsed="0.000000"/>
</branch>
<branch type="ELSE IF" condition="'${BROWSER}' == 'EDGE'">
<kw name="Open Browser" owner="SeleniumLibrary">
<msg time="2024-09-30T15:20:05.918173" level="INFO">Opening browser 'EDGE' to base url 'https://www.amazon.com'.</msg>
<arg>${URL}</arg>
<arg>${BROWSER}</arg>
<arg>options=add_experimental_option('prefs', {"intl.accept_languages":"${LOCALIZATION}"});</arg>
<doc>Opens a new browser instance to the optional ``url``.</doc>
<status status="PASS" start="2024-09-30T15:20:05.918173" elapsed="2.698612"/>
</kw>
<kw name="Maximize Browser Window" owner="SeleniumLibrary">
<doc>Maximizes current browser window.</doc>
<status status="PASS" start="2024-09-30T15:20:08.616785" elapsed="2.261709"/>
</kw>
<status status="PASS" start="2024-09-30T15:20:05.918173" elapsed="4.960321"/>
</branch>
<branch type="ELSE IF" condition="'${BROWSER}' == 'FIREFOX' or '${BROWSER}' == 'Firefox' or '${BROWSER}' == 'firefox'">
<kw name="Open Browser" owner="SeleniumLibrary">
<arg>${URL}</arg>
<arg>${BROWSER}</arg>
<arg>ff_profile_dir=set_preference("intl.accept_languages","${LOCALIZATION}")</arg>
<doc>Opens a new browser instance to the optional ``url``.</doc>
<status status="NOT RUN" start="2024-09-30T15:20:10.879994" elapsed="0.000000"/>
</kw>
<kw name="Maximize Browser Window" owner="SeleniumLibrary">
<doc>Maximizes current browser window.</doc>
<status status="NOT RUN" start="2024-09-30T15:20:10.879994" elapsed="0.000997"/>
</kw>
<kw name="Delete All Cookies" owner="SeleniumLibrary">
<doc>Deletes all cookies.</doc>
<status status="NOT RUN" start="2024-09-30T15:20:10.880991" elapsed="0.000000"/>
</kw>
<status status="NOT RUN" start="2024-09-30T15:20:10.879493" elapsed="0.001498"/>
</branch>
<status status="PASS" start="2024-09-30T15:20:05.918173" elapsed="4.962818"/>
</if>
<kw name="Click Element" owner="SeleniumLibrary">
<msg time="2024-09-30T15:20:10.884154" level="INFO">Clicking element 'id=nav-link-accountList-nav-line-1'.</msg>
<arg>${SignIn.button}</arg>
<doc>Click the element identified by ``locator``.</doc>
<status status="PASS" start="2024-09-30T15:20:10.882462" elapsed="1.069251"/>
</kw>
<status status="PASS" start="2024-09-30T15:20:05.918173" elapsed="6.034538"/>
</kw>
<kw name="Get Title" owner="SeleniumLibrary">
<msg time="2024-09-30T15:20:11.959485" level="INFO">${title} = Amazon Iniciar sesión</msg>
<var>${title}</var>
<doc>Returns the title of the current page.</doc>
<status status="PASS" start="2024-09-30T15:20:11.953063" elapsed="0.006422"/>
</kw>
<kw name="Run Keyword If" owner="BuiltIn">
<kw name="Log To Console" owner="BuiltIn">
<arg>'Browser opened in Spanish languagae'</arg>
<doc>Logs the given message to the console.</doc>
<status status="PASS" start="2024-09-30T15:20:11.961383" elapsed="0.000996"/>
</kw>
<arg>'${title}' == 'Amazon.com. Spend less. Smile more.'</arg>
<arg>Log To Console</arg>
<arg>'Browser opened in English languagae'</arg>
<arg>ELSE</arg>
<arg>Log To Console</arg>
<arg>'Browser opened in Spanish languagae'</arg>
<doc>Runs the given keyword with the given arguments, if ``condition`` is true.</doc>
<status status="PASS" start="2024-09-30T15:20:11.960486" elapsed="0.001893"/>
</kw>
<kw name="Log" owner="BuiltIn">
<msg time="2024-09-30T15:20:11.962379" level="INFO">Title is : 'Amazon Iniciar sesión'</msg>
<arg>Title is : '${title}'</arg>
<doc>Logs the given message with the given level.</doc>
<status status="PASS" start="2024-09-30T15:20:11.962379" elapsed="0.000000"/>
</kw>
<tag>EDGE_es</tag>
<status status="PASS" start="2024-09-30T15:20:05.917177" elapsed="6.045202"/>
</test>
<test id="s1-t2" name="TC_02_To verify that empty fields get an error value" line="15">
<kw name="Create an account with no credentials" owner="keywords">
<kw name="Click Element" owner="SeleniumLibrary">
<msg time="2024-09-30T15:20:11.962379" level="INFO">Clicking element 'id=createAccountSubmit'.</msg>
<arg>${createacc.btn}</arg>
<doc>Click the element identified by ``locator``.</doc>
<status status="PASS" start="2024-09-30T15:20:11.962379" elapsed="0.714655"/>
</kw>
<kw name="Get Title" owner="SeleniumLibrary">
<msg time="2024-09-30T15:20:12.686583" level="INFO">${title} = Registro de Amazon</msg>
<var>${title}</var>
<doc>Returns the title of the current page.</doc>
<status status="PASS" start="2024-09-30T15:20:12.679302" elapsed="0.007281"/>
</kw>
<if>
<branch type="IF" condition="'${LOCALIZATION}' == 'en'">
<kw name="Title Should Be" owner="SeleniumLibrary">
<arg>Amazon Registration</arg>
<doc>Verifies that the current page title equals ``title``.</doc>
<status status="NOT RUN" start="2024-09-30T15:20:12.686583" elapsed="0.000000"/>
</kw>
<status status="NOT RUN" start="2024-09-30T15:20:12.686583" elapsed="0.000000"/>
</branch>
<branch type="ELSE">
<kw name="Title Should Be" owner="SeleniumLibrary">
<msg time="2024-09-30T15:20:12.698348" level="INFO">Page title is 'Registro de Amazon'.</msg>
<arg>Registro de Amazon</arg>
<doc>Verifies that the current page title equals ``title``.</doc>
<status status="PASS" start="2024-09-30T15:20:12.687580" elapsed="0.010768"/>
</kw>
<status status="PASS" start="2024-09-30T15:20:12.686583" elapsed="0.012300"/>
</branch>
<status status="PASS" start="2024-09-30T15:20:12.686583" elapsed="0.012300"/>
</if>
<kw name="Click Button" owner="SeleniumLibrary">
<msg time="2024-09-30T15:20:12.699880" level="INFO">Clicking button 'id=continue'.</msg>
<arg>${acccontinue.button}</arg>
<doc>Clicks the button identified by ``locator``.</doc>
<status status="PASS" start="2024-09-30T15:20:12.698883" elapsed="0.135941"/>
</kw>
<kw name="Get Text" owner="SeleniumLibrary">
<msg time="2024-09-30T15:20:12.870437" level="INFO">${error} = Ingresa tu nombre</msg>
<var>${error}</var>
<arg>${accerror.text}</arg>
<doc>Returns the text value of the element identified by ``locator``.</doc>
<status status="PASS" start="2024-09-30T15:20:12.835820" elapsed="0.035614"/>
</kw>
<kw name="Log" owner="BuiltIn">
<msg time="2024-09-30T15:20:12.872779" level="INFO">Error : Ingresa tu nombre</msg>
<arg>Error : ${error}</arg>
<doc>Logs the given message with the given level.</doc>
<status status="PASS" start="2024-09-30T15:20:12.871782" elapsed="0.000997"/>
</kw>
<kw name="Get Text" owner="SeleniumLibrary">
<msg time="2024-09-30T15:20:12.898242" level="INFO">${error1} = Ingresa tu correo electrónico o número de celular</msg>
<var>${error1}</var>
<arg>${accerror.text1}</arg>
<doc>Returns the text value of the element identified by ``locator``.</doc>
<status status="PASS" start="2024-09-30T15:20:12.874070" elapsed="0.024172"/>
</kw>
<kw name="Log" owner="BuiltIn">
<msg time="2024-09-30T15:20:12.899240" level="INFO">Error : Ingresa tu correo electrónico o número de celular</msg>
<arg>Error : ${error1}</arg>
<doc>Logs the given message with the given level.</doc>
<status status="PASS" start="2024-09-30T15:20:12.899240" elapsed="0.000000"/>
</kw>
<kw name="Get Text" owner="SeleniumLibrary">
<msg time="2024-09-30T15:20:12.921012" level="INFO">${error2} = Ingresa una contraseña</msg>
<var>${error2}</var>
<arg>${accerror.text2}</arg>
<doc>Returns the text value of the element identified by ``locator``.</doc>
<status status="PASS" start="2024-09-30T15:20:12.899240" elapsed="0.021772"/>
</kw>
<kw name="Log" owner="BuiltIn">
<msg time="2024-09-30T15:20:12.921012" level="INFO">Error : Ingresa una contraseña</msg>
<arg>Error : ${error2}</arg>
<doc>Logs the given message with the given level.</doc>
<status status="PASS" start="2024-09-30T15:20:12.921012" elapsed="0.000997"/>
</kw>
<kw name="Go Back" owner="SeleniumLibrary">
<doc>Simulates the user clicking the back button on their browser.</doc>
<status status="PASS" start="2024-09-30T15:20:12.922009" elapsed="1.087186"/>
</kw>
<kw name="Reload Page" owner="SeleniumLibrary">
<doc>Simulates user reloading page.</doc>
<status status="PASS" start="2024-09-30T15:20:14.009195" elapsed="0.343999"/>
</kw>
<status status="PASS" start="2024-09-30T15:20:11.962379" elapsed="2.390815"/>
</kw>
<tag>EDGE_es</tag>
<status status="PASS" start="2024-09-30T15:20:11.962379" elapsed="2.391845"/>
</test>
<test id="s1-t3" name="TC_03_To Verify the invalid credentials get an error value" line="18">
<kw name="Login with Invalid username" owner="keywords">
<kw name="Wait Until Page Contains Element" owner="SeleniumLibrary">
<arg>${SignIn.text}</arg>
<doc>Waits until the element ``locator`` appears on the current page.</doc>
<status status="PASS" start="2024-09-30T15:20:14.361339" elapsed="1.086093"/>
</kw>
<kw name="Input Text" owner="SeleniumLibrary">
<msg time="2024-09-30T15:20:15.447432" level="INFO">Typing text 'ABC' into text field 'id=ap_email'.</msg>
<arg>${email.textbox}</arg>
<arg>ABC</arg>
<doc>Types the given ``text`` into the text field identified by ``locator``.</doc>
<status status="PASS" start="2024-09-30T15:20:15.447432" elapsed="0.347234"/>
</kw>
<kw name="Click Button" owner="SeleniumLibrary">
<msg time="2024-09-30T15:20:15.795665" level="INFO">Clicking button 'id=continue'.</msg>
<arg>${continue.button}</arg>
<doc>Clicks the button identified by ``locator``.</doc>
<status status="PASS" start="2024-09-30T15:20:15.795665" elapsed="0.133539"/>
</kw>
<kw name="Get Text" owner="SeleniumLibrary">
<msg time="2024-09-30T15:20:15.954752" level="INFO">${error} = Ingresa una dirección de correo electrónico o un número de teléfono válido</msg>
<var>${error}</var>
<arg>${invalidno.error}</arg>
<doc>Returns the text value of the element identified by ``locator``.</doc>
<status status="PASS" start="2024-09-30T15:20:15.930362" elapsed="0.024390"/>
</kw>
<kw name="Log" owner="BuiltIn">
<msg time="2024-09-30T15:20:15.955778" level="INFO">Error : Ingresa una dirección de correo electrónico o un número de teléfono válido</msg>
<arg>Error : ${error}</arg>
<doc>Logs the given message with the given level.</doc>
<status status="PASS" start="2024-09-30T15:20:15.955778" elapsed="0.000000"/>
</kw>
<kw name="Double Click Element" owner="SeleniumLibrary">
<msg time="2024-09-30T15:20:15.955778" level="INFO">Double clicking element 'id=ap_email'.</msg>
<arg>${email.textbox}</arg>
<doc>Double clicks the element identified by ``locator``.</doc>
<status status="PASS" start="2024-09-30T15:20:15.955778" elapsed="0.333203"/>
</kw>
<kw name="Sleep" owner="BuiltIn">
<msg time="2024-09-30T15:20:18.291401" level="INFO">Slept 2 seconds.</msg>
<arg>2s</arg>
<doc>Pauses the test executed for the given time.</doc>
<status status="PASS" start="2024-09-30T15:20:16.289978" elapsed="2.001423"/>
</kw>
<kw name="Press Keys" owner="SeleniumLibrary">
<msg time="2024-09-30T15:20:18.294239" level="INFO">Sending key(s) ('BACKSPACE',) to page.</msg>
<msg time="2024-09-30T15:20:18.294239" level="INFO">Pressing special key BACKSPACE to browser.</msg>
<msg time="2024-09-30T15:20:18.295151" level="INFO">Releasing special key BACKSPACE.</msg>
<arg>None</arg>
<arg>BACKSPACE</arg>
<doc>Simulates the user pressing key(s) to an element or on the active browser.</doc>
<status status="PASS" start="2024-09-30T15:20:18.291401" elapsed="0.139632"/>
</kw>
<kw name="Input Text" owner="SeleniumLibrary">
<msg time="2024-09-30T15:20:18.432030" level="INFO">Typing text '9025990259' into text field 'id=ap_email'.</msg>
<arg>${email.textbox}</arg>
<arg>9025990259</arg>
<doc>Types the given ``text`` into the text field identified by ``locator``.</doc>
<status status="PASS" start="2024-09-30T15:20:18.432030" elapsed="0.104281"/>
</kw>
<kw name="Click Button" owner="SeleniumLibrary">
<msg time="2024-09-30T15:20:18.537475" level="INFO">Clicking button 'id=continue'.</msg>
<arg>${continue.button}</arg>
<doc>Clicks the button identified by ``locator``.</doc>
<status status="PASS" start="2024-09-30T15:20:18.537309" elapsed="1.160628"/>
</kw>
<if>
<branch type="IF" condition="'${LOCALIZATION}' == 'en'">
<kw name="Sleep" owner="BuiltIn">
<arg>2s</arg>
<doc>Pauses the test executed for the given time.</doc>
<status status="NOT RUN" start="2024-09-30T15:20:19.699291" elapsed="0.000000"/>
</kw>
<kw name="Get Text" owner="SeleniumLibrary">
<var>${error_en}</var>
<arg>${error.headeren}</arg>
<doc>Returns the text value of the element identified by ``locator``.</doc>
<status status="NOT RUN" start="2024-09-30T15:20:19.699291" elapsed="0.001001"/>
</kw>
<kw name="Log" owner="BuiltIn">
<arg>Error : ${error_en}</arg>
<doc>Logs the given message with the given level.</doc>
<status status="NOT RUN" start="2024-09-30T15:20:19.700292" elapsed="0.000000"/>
</kw>
<status status="NOT RUN" start="2024-09-30T15:20:19.697937" elapsed="0.002355"/>
</branch>
<branch type="ELSE">
<kw name="Sleep" owner="BuiltIn">
<msg time="2024-09-30T15:20:21.710154" level="INFO">Slept 2 seconds.</msg>
<arg>2s</arg>
<doc>Pauses the test executed for the given time.</doc>
<status status="PASS" start="2024-09-30T15:20:19.701345" elapsed="2.009806"/>
</kw>
<kw name="Get Text" owner="SeleniumLibrary">
<msg time="2024-09-30T15:20:21.771446" level="INFO">${error_es} = Número de teléfono incorrecto</msg>
<var>${error_es}</var>
<arg>${error.headeres}</arg>
<doc>Returns the text value of the element identified by ``locator``.</doc>
<status status="PASS" start="2024-09-30T15:20:21.712253" elapsed="0.059193"/>
</kw>
<kw name="Log" owner="BuiltIn">
<msg time="2024-09-30T15:20:21.772442" level="INFO">Error : Número de teléfono incorrecto</msg>
<arg>Error : ${error_es}</arg>
<doc>Logs the given message with the given level.</doc>
<status status="PASS" start="2024-09-30T15:20:21.771446" elapsed="0.000996"/>
</kw>
<status status="PASS" start="2024-09-30T15:20:19.700292" elapsed="2.072150"/>
</branch>
<status status="PASS" start="2024-09-30T15:20:19.697937" elapsed="2.074505"/>
</if>
<status status="PASS" start="2024-09-30T15:20:14.359158" elapsed="7.413284"/>
</kw>
<tag>EDGE_es</tag>
<status status="PASS" start="2024-09-30T15:20:14.356560" elapsed="7.415882"/>
</test>
<test id="s1-t4" name="TC_04_To verify with invalid value" line="21">
<kw name="Login with valid username and invalid password" owner="keywords">
<kw name="Wait Until Page Contains Element" owner="SeleniumLibrary">
<arg>${SignIn.text}</arg>
<doc>Waits until the element ``locator`` appears on the current page.</doc>
<status status="PASS" start="2024-09-30T15:20:21.772442" elapsed="0.017923"/>
</kw>
<kw name="Double Click Element" owner="SeleniumLibrary">
<msg time="2024-09-30T15:20:21.791446" level="INFO">Double clicking element 'id=ap_email'.</msg>
<arg>${email.textbox}</arg>
<doc>Double clicks the element identified by ``locator``.</doc>
<status status="PASS" start="2024-09-30T15:20:21.790365" elapsed="0.370843"/>
</kw>
<kw name="Sleep" owner="BuiltIn">
<msg time="2024-09-30T15:20:24.171916" level="INFO">Slept 2 seconds.</msg>
<arg>2s</arg>
<doc>Pauses the test executed for the given time.</doc>
<status status="PASS" start="2024-09-30T15:20:22.162209" elapsed="2.009707"/>
</kw>
<kw name="Press Keys" owner="SeleniumLibrary">
<msg time="2024-09-30T15:20:24.171916" level="INFO">Sending key(s) ('BACKSPACE',) to page.</msg>
<msg time="2024-09-30T15:20:24.171916" level="INFO">Pressing special key BACKSPACE to browser.</msg>
<msg time="2024-09-30T15:20:24.171916" level="INFO">Releasing special key BACKSPACE.</msg>
<arg>None</arg>
<arg>BACKSPACE</arg>
<doc>Simulates the user pressing key(s) to an element or on the active browser.</doc>
<status status="PASS" start="2024-09-30T15:20:24.171916" elapsed="0.032545"/>
</kw>
<kw name="Input Text" owner="SeleniumLibrary">
<msg time="2024-09-30T15:20:24.204461" level="INFO">Typing text '8220575935' into text field 'id=ap_email'.</msg>
<arg>${email.textbox}</arg>
<arg>8220575935</arg>
<doc>Types the given ``text`` into the text field identified by ``locator``.</doc>
<status status="PASS" start="2024-09-30T15:20:24.204461" elapsed="0.202669"/>
</kw>
<kw name="Click Button" owner="SeleniumLibrary">
<msg time="2024-09-30T15:20:24.408128" level="INFO">Clicking button 'id=continue'.</msg>
<arg>${continue.button}</arg>
<doc>Clicks the button identified by ``locator``.</doc>
<status status="PASS" start="2024-09-30T15:20:24.407130" elapsed="2.349908"/>
</kw>
<kw name="Input Text" owner="SeleniumLibrary">
<msg time="2024-09-30T15:20:26.758035" level="INFO">Typing text 'password' into text field 'id=ap_password'.</msg>
<arg>${pass.text}</arg>
<arg>password</arg>
<doc>Types the given ``text`` into the text field identified by ``locator``.</doc>
<status status="PASS" start="2024-09-30T15:20:26.757038" elapsed="0.113454"/>
</kw>
<kw name="Click Button" owner="SeleniumLibrary">
<msg time="2024-09-30T15:20:26.871489" level="INFO">Clicking button 'id=signInSubmit'.</msg>
<arg>${signin.submit}</arg>
<doc>Clicks the button identified by ``locator``.</doc>
<status status="PASS" start="2024-09-30T15:20:26.871489" elapsed="0.073810"/>
</kw>
<kw name="Sleep" owner="BuiltIn">
<msg time="2024-09-30T15:20:28.955361" level="INFO">Slept 2 seconds.</msg>
<arg>2s</arg>
<doc>Pauses the test executed for the given time.</doc>
<status status="PASS" start="2024-09-30T15:20:26.946297" elapsed="2.009064"/>
</kw>
<kw name="Get Text" owner="SeleniumLibrary">
<msg time="2024-09-30T15:20:29.009662" level="INFO">${error} = La contraseña es incorrecta</msg>
<var>${error}</var>
<arg>${pass.error}</arg>
<doc>Returns the text value of the element identified by ``locator``.</doc>
<status status="PASS" start="2024-09-30T15:20:28.955361" elapsed="0.054301"/>
</kw>
<kw name="Log" owner="BuiltIn">
<msg time="2024-09-30T15:20:29.012687" level="INFO">Error : La contraseña es incorrecta</msg>
<arg>Error : ${error}</arg>
<doc>Logs the given message with the given level.</doc>
<status status="PASS" start="2024-09-30T15:20:29.010948" elapsed="0.001739"/>
</kw>
<status status="PASS" start="2024-09-30T15:20:21.772442" elapsed="7.241138"/>
</kw>
<tag>EDGE_es</tag>
<status status="PASS" start="2024-09-30T15:20:21.772442" elapsed="7.241646"/>
</test>
<test id="s1-t5" name="TC_05_To verify with valid credentials" line="24">
<kw name="Login with valid credentials" owner="keywords">
<kw name="Input Text" owner="SeleniumLibrary">
<msg time="2024-09-30T15:20:29.015143" level="INFO">Typing text 'Karthik#1819' into text field 'id=ap_password'.</msg>
<arg>${pass.text}</arg>
<arg>Karthik#1819</arg>
<doc>Types the given ``text`` into the text field identified by ``locator``.</doc>
<status status="PASS" start="2024-09-30T15:20:29.015143" elapsed="0.206518"/>
</kw>
<kw name="Click Button" owner="SeleniumLibrary">
<msg time="2024-09-30T15:20:29.221661" level="INFO">Clicking button 'id=signInSubmit'.</msg>
<arg>${signin.submit}</arg>
<doc>Clicks the button identified by ``locator``.</doc>
<status status="PASS" start="2024-09-30T15:20:29.221661" elapsed="0.079731"/>
</kw>
<status status="PASS" start="2024-09-30T15:20:29.015143" elapsed="0.287269"/>
</kw>
<tag>EDGE_es</tag>
<status status="PASS" start="2024-09-30T15:20:29.015143" elapsed="0.287269"/>
</test>
<test id="s1-t6" name="TC_06_Change the country region and select product" line="27">
<if>
<branch type="IF" condition="'${LOCALIZATION}' == 'en'">
<kw name="Change country Region" owner="keywords">
<status status="NOT RUN" start="2024-09-30T15:20:29.304484" elapsed="0.000999"/>
</kw>
<kw name="Search product and Select product" owner="keywords">
<status status="NOT RUN" start="2024-09-30T15:20:29.306479" elapsed="0.000000"/>
</kw>
<status status="NOT RUN" start="2024-09-30T15:20:29.304430" elapsed="0.002049"/>
</branch>
<branch type="ELSE">
<kw name="Search product and Select product" owner="keywords">
<kw name="Input Text" owner="SeleniumLibrary">
<msg time="2024-09-30T15:20:29.309680" level="INFO">Typing text 'samsung s24 ultra' into text field 'id=twotabsearchtextbox'.</msg>
<arg>${search.box}</arg>
<arg>samsung s24 ultra</arg>
<doc>Types the given ``text`` into the text field identified by ``locator``.</doc>
<status status="PASS" start="2024-09-30T15:20:29.308703" elapsed="3.487096"/>
</kw>
<kw name="Press Keys" owner="SeleniumLibrary">
<msg time="2024-09-30T15:20:32.797899" level="INFO">Sending key(s) ('ENTER',) to id=twotabsearchtextbox element.</msg>
<msg time="2024-09-30T15:20:33.279276" level="INFO">Pressing special key ENTER to element.</msg>
<msg time="2024-09-30T15:20:33.279276" level="INFO">Releasing special key ENTER.</msg>
<arg>${search.box}</arg>
<arg>ENTER</arg>
<doc>Simulates the user pressing key(s) to an element or on the active browser.</doc>
<status status="PASS" start="2024-09-30T15:20:32.795904" elapsed="4.390420"/>
</kw>
<kw name="Get Title" owner="SeleniumLibrary">
<msg time="2024-09-30T15:20:37.201111" level="INFO">${title} = Amazon.com : samsung s24 ultra</msg>
<var>${title}</var>
<doc>Returns the title of the current page.</doc>
<status status="PASS" start="2024-09-30T15:20:37.187321" elapsed="0.013790"/>
</kw>
<if>
<branch type="IF" condition="'${LOCALIZATION}' == 'en'">
<kw name="Title Should Be" owner="SeleniumLibrary">
<arg>Amazon.in : samsung s24 ultra</arg>
<doc>Verifies that the current page title equals ``title``.</doc>
<status status="NOT RUN" start="2024-09-30T15:20:37.201111" elapsed="0.001023"/>
</kw>
<kw name="Wait Until Page Contains Element" owner="SeleniumLibrary">
<arg>${product.link}</arg>
<doc>Waits until the element ``locator`` appears on the current page.</doc>
<status status="NOT RUN" start="2024-09-30T15:20:37.202134" elapsed="0.000000"/>
</kw>
<kw name="Click Element" owner="SeleniumLibrary">
<arg>${product.link}</arg>
<doc>Click the element identified by ``locator``.</doc>
<status status="NOT RUN" start="2024-09-30T15:20:37.202134" elapsed="0.000000"/>
</kw>
<status status="NOT RUN" start="2024-09-30T15:20:37.201111" elapsed="0.001023"/>
</branch>
<branch type="ELSE">
<kw name="Wait Until Page Contains Element" owner="SeleniumLibrary">
<arg>${product.link1}</arg>
<doc>Waits until the element ``locator`` appears on the current page.</doc>
<status status="PASS" start="2024-09-30T15:20:37.202134" elapsed="0.033083"/>
</kw>
<kw name="Click Element" owner="SeleniumLibrary">
<msg time="2024-09-30T15:20:37.236213" level="INFO">Clicking element '(//h2[@class='a-size-mini a-spacing-none a-color-base s-line-clamp-2'])[3]'.</msg>
<arg>${product.link1}</arg>
<doc>Click the element identified by ``locator``.</doc>
<status status="PASS" start="2024-09-30T15:20:37.235217" elapsed="0.374040"/>
</kw>
<status status="PASS" start="2024-09-30T15:20:37.202134" elapsed="0.407123"/>
</branch>
<status status="PASS" start="2024-09-30T15:20:37.201111" elapsed="0.408146"/>
</if>
<status status="PASS" start="2024-09-30T15:20:29.307479" elapsed="8.302780"/>
</kw>
<status status="PASS" start="2024-09-30T15:20:29.306479" elapsed="8.303780"/>
</branch>
<status status="PASS" start="2024-09-30T15:20:29.303432" elapsed="8.306827"/>
</if>
<tag>EDGE_es</tag>
<status status="PASS" start="2024-09-30T15:20:29.303432" elapsed="8.306827"/>
</test>
<test id="s1-t7" name="Tc_07 To verify invalid card details get an error value" line="35">
<kw name="Add card" owner="keywords">
<kw name="Sleep" owner="BuiltIn">
<msg time="2024-09-30T15:20:40.623475" level="INFO">Slept 3 seconds.</msg>
<arg>3s</arg>
<doc>Pauses the test executed for the given time.</doc>
<status status="PASS" start="2024-09-30T15:20:37.611290" elapsed="3.012185"/>
</kw>
<if>
<branch type="IF" condition="'${LOCALIZATION}' == 'en'">
<kw name="Switch Window" owner="SeleniumLibrary">
<arg>Samsung Galaxy S24 Ultra 5G AI Smartphone (Titanium Yellow, 12GB, 256GB Storage) : Amazon.in: Electronics</arg>
<doc>Switches to browser window matching ``locator``.</doc>
<status status="NOT RUN" start="2024-09-30T15:20:40.627981" elapsed="0.000000"/>
</kw>
<kw name="Take Screenshot" owner="Screenshot">
<doc>Takes a screenshot in JPEG format and embeds it into the log file.</doc>
<status status="NOT RUN" start="2024-09-30T15:20:40.627981" elapsed="0.000000"/>
</kw>
<kw name="Click Button" owner="SeleniumLibrary">
<arg>${Buy.button}</arg>
<doc>Clicks the button identified by ``locator``.</doc>
<status status="NOT RUN" start="2024-09-30T15:20:40.627981" elapsed="0.000000"/>
</kw>
<kw name="Login with valid username and valid password" owner="keywords">
<status status="NOT RUN" start="2024-09-30T15:20:40.627981" elapsed="0.000000"/>
</kw>
<kw name="Switch Window" owner="SeleniumLibrary">
<arg>Amazon.in : samsung s24 ultra</arg>
<doc>Switches to browser window matching ``locator``.</doc>
<status status="NOT RUN" start="2024-09-30T15:20:40.627981" elapsed="0.000000"/>
</kw>
<kw name="Take Screenshot" owner="Screenshot">
<doc>Takes a screenshot in JPEG format and embeds it into the log file.</doc>
<status status="NOT RUN" start="2024-09-30T15:20:40.627981" elapsed="0.000000"/>
</kw>
<status status="NOT RUN" start="2024-09-30T15:20:40.626679" elapsed="0.001302"/>
</branch>
<status status="PASS" start="2024-09-30T15:20:40.625686" elapsed="0.002295"/>
</if>
<status status="PASS" start="2024-09-30T15:20:37.611290" elapsed="3.016691"/>
</kw>
<tag>EDGE_es</tag>
<status status="PASS" start="2024-09-30T15:20:37.611290" elapsed="3.016691"/>
</test>
<test id="s1-t8" name="TC_08 To verify the boundary value" line="38">
<kw name="Select amazon pay and check boundary value analysis" owner="keywords">
<if>
<branch type="IF" condition="'${LOCALIZATION}' == 'en'">
<kw name="Click Element" owner="SeleniumLibrary">
<arg>${all.btn}</arg>
<doc>Click the element identified by ``locator``.</doc>
<status status="NOT RUN" start="2024-09-30T15:20:40.640652" elapsed="0.000000"/>
</kw>
<kw name="Sleep" owner="BuiltIn">
<arg>3s</arg>
<doc>Pauses the test executed for the given time.</doc>
<status status="NOT RUN" start="2024-09-30T15:20:40.640652" elapsed="0.000000"/>
</kw>
<kw name="Click Link" owner="SeleniumLibrary">
<arg>${amazonpay.btn}</arg>
<doc>Clicks a link identified by ``locator``.</doc>
<status status="NOT RUN" start="2024-09-30T15:20:40.640652" elapsed="0.000000"/>
</kw>
<kw name="Sleep" owner="BuiltIn">
<arg>3s</arg>
<doc>Pauses the test executed for the given time.</doc>
<status status="NOT RUN" start="2024-09-30T15:20:40.640652" elapsed="0.000000"/>
</kw>
<kw name="Click Element" owner="SeleniumLibrary">
<arg>${electricity.btn}</arg>
<doc>Click the element identified by ``locator``.</doc>
<status status="NOT RUN" start="2024-09-30T15:20:40.640652" elapsed="0.000000"/>
</kw>
<kw name="Sleep" owner="BuiltIn">
<arg>3s</arg>
<doc>Pauses the test executed for the given time.</doc>
<status status="NOT RUN" start="2024-09-30T15:20:40.640652" elapsed="0.000000"/>
</kw>
<kw name="Select From List By Label" owner="SeleniumLibrary">
<arg>${select.state}</arg>
<arg>Tamil Nadu</arg>
<doc>Selects options from selection list ``locator`` by ``labels``.</doc>
<status status="NOT RUN" start="2024-09-30T15:20:40.640652" elapsed="0.000000"/>
</kw>
<kw name="Sleep" owner="BuiltIn">
<arg>3s</arg>
<doc>Pauses the test executed for the given time.</doc>
<status status="NOT RUN" start="2024-09-30T15:20:40.640652" elapsed="0.000000"/>
</kw>
<kw name="Input Text" owner="SeleniumLibrary">
<arg>${consumer.no}</arg>
<arg>123</arg>
<doc>Types the given ``text`` into the text field identified by ``locator``.</doc>
<status status="NOT RUN" start="2024-09-30T15:20:40.640652" elapsed="0.000000"/>
</kw>
<kw name="Press Keys" owner="SeleniumLibrary">
<arg>NONE</arg>
<arg>TAB</arg>
<doc>Simulates the user pressing key(s) to an element or on the active browser.</doc>
<status status="NOT RUN" start="2024-09-30T15:20:40.640652" elapsed="0.000000"/>
</kw>
<kw name="Sleep" owner="BuiltIn">
<arg>2s</arg>
<doc>Pauses the test executed for the given time.</doc>
<status status="NOT RUN" start="2024-09-30T15:20:40.640652" elapsed="0.000000"/>
</kw>
<kw name="Get Text" owner="SeleniumLibrary">
<var>${error}</var>
<arg>${billno.error}</arg>
<doc>Returns the text value of the element identified by ``locator``.</doc>
<status status="NOT RUN" start="2024-09-30T15:20:40.640652" elapsed="0.000000"/>
</kw>
<kw name="Log" owner="BuiltIn">
<arg>Error:${error}</arg>
<doc>Logs the given message with the given level.</doc>
<status status="NOT RUN" start="2024-09-30T15:20:40.640652" elapsed="0.000000"/>
</kw>
<status status="NOT RUN" start="2024-09-30T15:20:40.640652" elapsed="0.000000"/>
</branch>
<branch type="ELSE">
<kw name="Click Element" owner="SeleniumLibrary">
<msg time="2024-09-30T15:20:40.658046" level="INFO">Clicking element '//i[@class='hm-icon nav-sprite']'.</msg>
<arg>${all.btn}</arg>
<doc>Click the element identified by ``locator``.</doc>
<status status="PASS" start="2024-09-30T15:20:40.656331" elapsed="0.198126"/>
</kw>
<kw name="Sleep" owner="BuiltIn">
<msg time="2024-09-30T15:20:43.863447" level="INFO">Slept 3 seconds.</msg>
<arg>3s</arg>
<doc>Pauses the test executed for the given time.</doc>
<status status="PASS" start="2024-09-30T15:20:40.854457" elapsed="3.009485"/>
</kw>
<kw name="Click Element" owner="SeleniumLibrary">
<msg time="2024-09-30T15:20:43.864978" level="INFO">Clicking element '(//div[text()='Ver todo'])[2]'.</msg>
<arg>${seemore.btn}</arg>
<doc>Click the element identified by ``locator``.</doc>
<status status="PASS" start="2024-09-30T15:20:43.864978" elapsed="0.202600"/>
</kw>
<kw name="Sleep" owner="BuiltIn">
<msg time="2024-09-30T15:20:47.082415" level="INFO">Slept 3 seconds.</msg>
<arg>3s</arg>
<doc>Pauses the test executed for the given time.</doc>
<status status="PASS" start="2024-09-30T15:20:44.067578" elapsed="3.014837"/>
</kw>
<kw name="Click Element" owner="SeleniumLibrary">
<msg time="2024-09-30T15:20:47.082415" level="INFO">Clicking element '(//div[text()='Tarjetas de Regalo'])[1]'.</msg>
<arg>${giftcard.btn}</arg>
<doc>Click the element identified by ``locator``.</doc>
<status status="PASS" start="2024-09-30T15:20:47.082415" elapsed="0.257515"/>
</kw>
<kw name="Sleep" owner="BuiltIn">
<msg time="2024-09-30T15:20:50.350710" level="INFO">Slept 3 seconds.</msg>
<arg>3s</arg>
<doc>Pauses the test executed for the given time.</doc>
<status status="PASS" start="2024-09-30T15:20:47.340990" elapsed="3.010716"/>
</kw>
<kw name="Click Link" owner="SeleniumLibrary">
<msg time="2024-09-30T15:20:50.353737" level="INFO">Clicking link '//a[text()='visite Amazon Reload']'.</msg>
<arg>${amazonreload.btn}</arg>
<doc>Clicks a link identified by ``locator``.</doc>
<status status="PASS" start="2024-09-30T15:20:50.352738" elapsed="3.536236"/>
</kw>
<kw name="Sleep" owner="BuiltIn">
<msg time="2024-09-30T15:20:56.898426" level="INFO">Slept 3 seconds.</msg>
<arg>3s</arg>
<doc>Pauses the test executed for the given time.</doc>
<status status="PASS" start="2024-09-30T15:20:53.889973" elapsed="3.008453"/>
</kw>
<kw name="Input Text" owner="SeleniumLibrary">
<msg time="2024-09-30T15:20:56.898426" level="INFO">Typing text '2' into text field 'id=gc-ui-form-custom-amount'.</msg>
<arg>${giftcard.amt}</arg>
<arg>2</arg>
<doc>Types the given ``text`` into the text field identified by ``locator``.</doc>
<status status="PASS" start="2024-09-30T15:20:56.898426" elapsed="0.259516"/>
</kw>
<kw name="Sleep" owner="BuiltIn">
<msg time="2024-09-30T15:21:00.174378" level="INFO">Slept 3 seconds.</msg>
<arg>3s</arg>
<doc>Pauses the test executed for the given time.</doc>
<status status="PASS" start="2024-09-30T15:20:57.157942" elapsed="3.016436"/>
</kw>
<kw name="Get Text" owner="SeleniumLibrary">
<msg time="2024-09-30T15:21:00.208356" level="INFO">${error} = El monto mínimo es $5.00</msg>
<var>${error}</var>
<arg>${amount.error}</arg>
<doc>Returns the text value of the element identified by ``locator``.</doc>
<status status="PASS" start="2024-09-30T15:21:00.174378" elapsed="0.033978"/>
</kw>
<kw name="Log" owner="BuiltIn">
<msg time="2024-09-30T15:21:00.209385" level="INFO">Error:El monto mínimo es $5.00</msg>
<arg>Error:${error}</arg>
<doc>Logs the given message with the given level.</doc>
<status status="PASS" start="2024-09-30T15:21:00.209385" elapsed="0.000000"/>
</kw>
<kw name="Press Keys" owner="SeleniumLibrary">
<msg time="2024-09-30T15:21:00.209385" level="INFO">Sending key(s) ('BACKSPACE',) to page.</msg>
<msg time="2024-09-30T15:21:00.209385" level="INFO">Pressing special key BACKSPACE to browser.</msg>
<msg time="2024-09-30T15:21:00.209385" level="INFO">Releasing special key BACKSPACE.</msg>
<arg>NONE</arg>
<arg>BACKSPACE</arg>
<doc>Simulates the user pressing key(s) to an element or on the active browser.</doc>
<status status="PASS" start="2024-09-30T15:21:00.209385" elapsed="0.037249"/>
</kw>
<kw name="Input Text" owner="SeleniumLibrary">
<msg time="2024-09-30T15:21:00.247664" level="INFO">Typing text '3000' into text field 'id=gc-ui-form-custom-amount'.</msg>
<arg>${giftcard.amt}</arg>
<arg>3000</arg>
<doc>Types the given ``text`` into the text field identified by ``locator``.</doc>
<status status="PASS" start="2024-09-30T15:21:00.246634" elapsed="0.112469"/>
</kw>
<kw name="Sleep" owner="BuiltIn">
<msg time="2024-09-30T15:21:03.363981" level="INFO">Slept 3 seconds.</msg>
<arg>3s</arg>
<doc>Pauses the test executed for the given time.</doc>
<status status="PASS" start="2024-09-30T15:21:00.359103" elapsed="3.005999"/>
</kw>
<kw name="Get Text" owner="SeleniumLibrary">
<msg time="2024-09-30T15:21:03.423064" level="INFO">${error1} = El monto máximo es $2,000.00</msg>
<var>${error1}</var>
<arg>${amount.error}</arg>
<doc>Returns the text value of the element identified by ``locator``.</doc>
<status status="PASS" start="2024-09-30T15:21:03.365391" elapsed="0.057673"/>
</kw>
<kw name="Log" owner="BuiltIn">
<msg time="2024-09-30T15:21:03.423064" level="INFO">Error:El monto máximo es $2,000.00</msg>
<arg>Error:${error1}</arg>
<doc>Logs the given message with the given level.</doc>
<status status="PASS" start="2024-09-30T15:21:03.423064" elapsed="0.000000"/>
</kw>
<status status="PASS" start="2024-09-30T15:20:40.640652" elapsed="22.782412"/>
</branch>
<status status="PASS" start="2024-09-30T15:20:40.640652" elapsed="22.782412"/>
</if>
<status status="PASS" start="2024-09-30T15:20:40.627981" elapsed="22.795083"/>
</kw>
<tag>EDGE_es</tag>
<status status="PASS" start="2024-09-30T15:20:40.627981" elapsed="22.795083"/>
</test>
<test id="s1-t9" name="TC_08 To verify Signout" line="41">
<kw name="SignOut and Close Browser" owner="keywords">
<if>
<branch type="IF" condition="'${LOCALIZATION}' == 'en'">
<kw name="Click Element" owner="SeleniumLibrary">
<arg>${all.btn}</arg>
<doc>Click the element identified by ``locator``.</doc>
<status status="NOT RUN" start="2024-09-30T15:21:03.431127" elapsed="0.000000"/>
</kw>
<kw name="Sleep" owner="BuiltIn">
<arg>3s</arg>
<doc>Pauses the test executed for the given time.</doc>
<status status="NOT RUN" start="2024-09-30T15:21:03.431127" elapsed="0.000000"/>
</kw>
<kw name="Click Link" owner="SeleniumLibrary">
<arg>${signout.btn}</arg>
<doc>Clicks a link identified by ``locator``.</doc>
<status status="NOT RUN" start="2024-09-30T15:21:03.431127" elapsed="0.000000"/>
</kw>
<kw name="Take Screenshot" owner="Screenshot">
<doc>Takes a screenshot in JPEG format and embeds it into the log file.</doc>
<status status="NOT RUN" start="2024-09-30T15:21:03.431127" elapsed="0.000000"/>
</kw>
<status status="NOT RUN" start="2024-09-30T15:21:03.431127" elapsed="0.000000"/>
</branch>
<branch type="ELSE">
<kw name="Click Element" owner="SeleniumLibrary">
<msg time="2024-09-30T15:21:03.435928" level="INFO">Clicking element '//i[@class='hm-icon nav-sprite']'.</msg>
<arg>${all.btn}</arg>
<doc>Click the element identified by ``locator``.</doc>
<status status="PASS" start="2024-09-30T15:21:03.434999" elapsed="0.178196"/>
</kw>
<kw name="Sleep" owner="BuiltIn">
<msg time="2024-09-30T15:21:05.618962" level="INFO">Slept 2 seconds.</msg>
<arg>2s</arg>
<doc>Pauses the test executed for the given time.</doc>
<status status="PASS" start="2024-09-30T15:21:03.614191" elapsed="2.005238"/>
</kw>
<kw name="Click Link" owner="SeleniumLibrary">
<msg time="2024-09-30T15:21:05.620472" level="INFO">Clicking link '(//a[text()='Salir'])[1]'.</msg>
<arg>${signout.btn1}</arg>
<doc>Clicks a link identified by ``locator``.</doc>
<status status="PASS" start="2024-09-30T15:21:05.619429" elapsed="2.767205"/>
</kw>
<kw name="Take Screenshot" owner="Screenshot">
<msg time="2024-09-30T15:21:08.455305" level="INFO" html="true">&lt;a href="screenshot_1.jpg"&gt;&lt;img src="screenshot_1.jpg" width="800px"&gt;&lt;/a&gt;</msg>
<doc>Takes a screenshot in JPEG format and embeds it into the log file.</doc>
<status status="PASS" start="2024-09-30T15:21:08.387631" elapsed="0.067674"/>
</kw>
<status status="PASS" start="2024-09-30T15:21:03.431127" elapsed="5.025173"/>
</branch>
<status status="PASS" start="2024-09-30T15:21:03.423064" elapsed="5.033236"/>
</if>
<kw name="Close All Browsers" owner="SeleniumLibrary">
<doc>Closes all open browsers and resets the browser cache.</doc>
<status status="PASS" start="2024-09-30T15:21:08.457233" elapsed="2.328857"/>
</kw>
<status status="PASS" start="2024-09-30T15:21:03.423064" elapsed="7.364171"/>
</kw>
<tag>EDGE_es</tag>
<status status="PASS" start="2024-09-30T15:21:03.423064" elapsed="7.365501"/>
</test>
<doc>Automating Demo Website</doc>
<status status="PASS" start="2024-09-30T15:20:05.595000" elapsed="65.195868"/>
</suite>
<statistics>
<total>
<stat pass="9" fail="0" skip="0">All Tests</stat>
</total>
<tag>
<stat pass="9" fail="0" skip="0">EDGE_es</stat>
</tag>
<suite>
<stat pass="9" fail="0" skip="0" id="s1" name="Testsuite">Testsuite</stat>
</suite>
</statistics>
<errors>
</errors>
</robot>
